{
  "RSpec": {
    "coverage": {
      "/home/lecter/Ruby/UWERuby/RailsWorkSpring2014/lctr_lib/app/models/role.rb": [
        1,
        1,
        1,
        1,
        null,
        1,
        null
      ],
      "/home/lecter/Ruby/UWERuby/RailsWorkSpring2014/lctr_lib/app/models/user.rb": [
        1,
        1,
        null,
        null,
        1,
        null,
        null,
        null,
        1,
        null,
        1,
        1,
        1,
        1,
        null,
        1,
        null,
        null
      ],
      "/home/lecter/Ruby/UWERuby/RailsWorkSpring2014/lctr_lib/app/helpers/application_helper.rb": [
        1,
        null,
        null
      ],
      "/home/lecter/Ruby/UWERuby/RailsWorkSpring2014/lctr_lib/app/helpers/books_helper.rb": [
        1,
        null,
        null,
        null
      ],
      "/home/lecter/Ruby/UWERuby/RailsWorkSpring2014/lctr_lib/app/helpers/reviews_helper.rb": [
        1,
        null
      ],
      "/home/lecter/Ruby/UWERuby/RailsWorkSpring2014/lctr_lib/app/helpers/users_helper.rb": [
        1,
        null
      ],
      "/home/lecter/Ruby/UWERuby/RailsWorkSpring2014/lctr_lib/app/controllers/books_controller.rb": [
        1,
        1,
        1,
        null,
        null,
        null,
        null,
        1,
        2,
        2,
        2,
        2,
        2,
        null,
        null,
        null,
        null,
        1,
        5,
        5,
        5,
        null,
        null,
        null,
        null,
        1,
        2,
        0,
        0,
        0,
        null,
        2,
        null,
        null,
        null,
        1,
        0,
        0,
        null,
        null,
        1,
        null,
        null,
        1,
        16,
        null,
        null,
        null
      ],
      "/home/lecter/Ruby/UWERuby/RailsWorkSpring2014/lctr_lib/app/controllers/application_controller.rb": [
        1,
        null,
        null,
        1,
        null,
        1,
        1,
        null,
        1,
        0,
        null,
        null,
        1,
        23,
        null,
        null,
        1,
        null,
        1,
        0,
        null,
        0,
        null,
        null,
        null,
        1,
        null,
        1,
        7,
        null,
        null,
        1,
        1,
        null,
        1,
        1,
        1,
        null,
        null,
        null
      ],
      "/home/lecter/Ruby/UWERuby/RailsWorkSpring2014/lctr_lib/app/models/book.rb": [
        1,
        null,
        null,
        null,
        1,
        1,
        1,
        null,
        null,
        null,
        88,
        3,
        3,
        3,
        null,
        null,
        1,
        1,
        null,
        1,
        1,
        null,
        1,
        null,
        1,
        2,
        null,
        null,
        null
      ],
      "/home/lecter/Ruby/UWERuby/RailsWorkSpring2014/lctr_lib/app/controllers/reviews_controller.rb": [
        1,
        1,
        null,
        1,
        0,
        0,
        0,
        0,
        0,
        null,
        0,
        null,
        null,
        null,
        1,
        0,
        0,
        0,
        null,
        null,
        1,
        null,
        1,
        0,
        null,
        null,
        1,
        0,
        null,
        null,
        null
      ],
      "/home/lecter/Ruby/UWERuby/RailsWorkSpring2014/lctr_lib/app/controllers/users_controller.rb": [
        1,
        1,
        1,
        null,
        1,
        0,
        0,
        null,
        0,
        null,
        null,
        1,
        0,
        null,
        null,
        1,
        0,
        null,
        null,
        1,
        0,
        null,
        null,
        1,
        0,
        null,
        null,
        1,
        0,
        0,
        null,
        null,
        1,
        null,
        1,
        0,
        0,
        0,
        0,
        null,
        0,
        null,
        0,
        null,
        0,
        null,
        null,
        0,
        null,
        null,
        null,
        null,
        1,
        6,
        null,
        null,
        null,
        1,
        8,
        null,
        null,
        null,
        null
      ],
      "/home/lecter/Ruby/UWERuby/RailsWorkSpring2014/lctr_lib/app/mailers/admin_mailer.rb": [
        1,
        1,
        null,
        1,
        3,
        3,
        3,
        3,
        null,
        null,
        null,
        1,
        3,
        3,
        3,
        3,
        3,
        3,
        null,
        null,
        null,
        null
      ],
      "/home/lecter/Ruby/UWERuby/RailsWorkSpring2014/lctr_lib/app/models/review.rb": [
        1,
        null,
        1,
        1,
        null,
        null
      ],
      "/home/lecter/Ruby/UWERuby/RailsWorkSpring2014/lctr_lib/app/models/user_profile.rb": [
        1,
        null,
        1,
        null,
        null
      ],
      "/home/lecter/Ruby/UWERuby/RailsWorkSpring2014/lctr_lib/app/models/ability.rb": [
        1,
        1,
        null,
        1,
        null,
        17,
        null,
        17,
        17,
        null,
        17,
        17,
        null,
        17,
        17,
        17,
        null,
        17,
        17,
        17,
        null,
        null,
        null
      ]
    },
    "timestamp": 1409549872
  }
}
